2026-06-27 18:18:40 [DEBUG] [asyncio] Using selector: KqueueSelector
2026-06-27 18:18:41 [INFO ] [server] Logged in as Duy
2026-06-27 18:18:41 [INFO ] [server] Listening to Saved Messages...
2026-06-27 18:18:41 [INFO ] [telegram_gateway] get_messages start entity='me'
2026-06-27 18:18:41 [INFO ] [telegram_gateway] get_messages ok entity='me' duration=0.127s
2026-06-27 18:18:41 [INFO ] [server] Loaded 100 recent messages
2026-06-27 18:18:41 [INFO ] [what_data] listening on chat -1002124542200 for 'what data'. DB: /Users/duydinh0225/letrang-db/app.db
2026-06-27 18:18:41 [INFO ] [gtr] listening on chat -1002124542200 for 'gtr'. DB: /Users/duydinh0225/letrang-db/app.db
2026-06-27 18:18:41 [INFO ] [order_commands_v3] order_commands_v3 listening on chat -1002124542200
2026-06-27 18:18:41 [INFO ] [chat_logger] order_chat_messages table ready
2026-06-27 18:18:41 [WARNING] [firebase_png] Firebase PNG credential not found: /Users/duydinh0225/kiemkhach-code/telegram-user-api/integrations/lt-4-asia-firebase-adminsdk-h742l-dd613bfebd.json
2026-06-27 18:18:41 [WARNING] [html_to_png] Firebase not available — html-to-png listener disabled
2026-06-27 18:18:41 [INFO ] [server] #don_hang DB: donhang.db — {'total': 7766, 'deleted': 2, 'min_id': 16750, 'max_id': 36121, 'meta': {'backfill_oldest_seen': '1', 'backfill_done': '1'}}
2026-06-27 18:18:41 [INFO ] [server] Web server: http://localhost:8090
2026-06-27 18:18:41 [INFO ] [donhang_indexer] backfill: already done
2026-06-27 18:18:42 [INFO ] [server] #don_hang backfill: {'status': 'already_done', 'total': 7766, 'deleted': 2, 'min_id': 16750, 'max_id': 36121, 'meta': {'backfill_oldest_seen': '1', 'backfill_done': '1'}}
2026-06-27 18:18:42 [DEBUG] [server] background task ok: donhang.bootstrap context={}
2026-06-27 18:19:55 [INFO ] [telegram_gateway] send_file start entity=-1002124542200
2026-06-27 18:19:55 [INFO ] [telegram_gateway] send_file ok entity=-1002124542200 duration=0.129s
2026-06-27 18:19:55 [DEBUG] [chat_logger] chat_logger: stored new message msg_id=487352 thread_id=487338
2026-06-27 18:19:58 [INFO ] [telegram_gateway] send_message start entity=-1002124542200
2026-06-27 18:19:58 [INFO ] [telegram_gateway] send_message ok entity=-1002124542200 duration=0.074s
2026-06-27 18:19:58 [DEBUG] [chat_logger] chat_logger: stored new message msg_id=487354 thread_id=487338
2026-06-27 18:20:02 [INFO ] [telegram_gateway] send_file start entity=-1002124542200
2026-06-27 18:20:02 [INFO ] [telegram_gateway] send_file ok entity=-1002124542200 duration=0.200s
2026-06-27 18:20:02 [DEBUG] [chat_logger] chat_logger: stored new message msg_id=487356 thread_id=487338
2026-06-27 18:20:05 [INFO ] [telegram_gateway] send_message start entity=-1002124542200
2026-06-27 18:20:05 [INFO ] [telegram_gateway] send_message ok entity=-1002124542200 duration=0.106s
2026-06-27 18:20:05 [DEBUG] [server] background task ok: task.notification context={'thread_id': 487338, 'task': 'soan_hang'}
2026-06-27 18:20:05 [INFO ] [telegram_gateway] edit_message[36121] start entity=-1002138495144
2026-06-27 18:20:05 [INFO ] [telegram_gateway] edit_message[36121] ok entity=-1002138495144 duration=0.076s
2026-06-27 18:20:05 [DEBUG] [server] background task ok: order.refresh context={'thread_id': 487338, 'channel_id': -1002138495144, 'message_id': 36121}
2026-06-27 18:20:06 [INFO ] [telegram_gateway] send_message start entity=-1002124542200
2026-06-27 18:20:07 [INFO ] [telegram_gateway] send_message ok entity=-1002124542200 duration=0.080s
2026-06-27 18:20:07 [DEBUG] [server] background task ok: task.clear_notification context={'thread_id': 487338, 'task': 'soan_hang'}
2026-06-27 18:20:07 [INFO ] [telegram_gateway] edit_message[36121] start entity=-1002138495144
2026-06-27 18:20:07 [INFO ] [telegram_gateway] edit_message[36121] ok entity=-1002138495144 duration=0.067s
2026-06-27 18:20:07 [DEBUG] [server] background task ok: order.refresh context={'thread_id': 487338, 'channel_id': -1002138495144, 'message_id': 36121}
2026-06-27 19:11:48 [INFO ] [telegram_gateway] send_message start entity=-1002124542200
2026-06-27 19:11:48 [INFO ] [telegram_gateway] send_message ok entity=-1002124542200 duration=0.113s
2026-06-27 19:11:48 [INFO ] [firebase_sync] set_order: Firebase order sync disabled (SQLite-only mode)
2026-06-27 19:11:48 [DEBUG] [chat_logger] chat_logger: stored new message msg_id=487360 thread_id=486869
2026-06-27 19:11:49 [INFO ] [telegram_gateway] edit_message[36103] start entity=-1002138495144
2026-06-27 19:11:49 [INFO ] [telegram_gateway] edit_message[36103] ok entity=-1002138495144 duration=0.069s
